<?xml version="1.0" encoding="UTF-8"?>
<testsuite xmlns:xsi="http://www.w3.org/2001/XMLSchema-instance" xsi:noNamespaceSchemaLocation="https://maven.apache.org/surefire/maven-surefire-plugin/xsd/surefire-test-report.xsd" version="3.0.2" name="io.cucumber.junit.platform.engine.CucumberTestEngine" time="44.63" tests="36" errors="3" skipped="33" failures="0">
  <properties>
[...]
</properties>
  <testcase name="TC01 kullanici phone arattiginda urun bulabilmeli" classname="US1001 Arama Testi" time="0.0">
    <skipped message="&apos;cucumber.filter.tags=@paralel1&apos; did not match this scenario"/>
    <system-err><![CDATA[Oct 09, 2024 7:52:21 PM io.cucumber.junit.platform.engine.DiscoverySelectorResolver warnWhenCucumberFeaturesPropertyIsUsed
WARNING: Discovering tests using the cucumber.features property. Other discovery selectors are ignored!

This is a work around for the limited JUnit 5 support in Maven and Gradle. Please request/upvote/sponsor/ect better support for JUnit 5 discovery selectors. For details see: https://github.com/cucumber/cucumber-jvm/pull/2498

If you are using the JUnit 5 Suite Engine, Platform Launcher API or Console Launcher you should not use this property. Please consult the JUnit 5 documentation on test selection.
]]></system-err>
  </testcase>
  <testcase name="TC02 kullanici dress arattiginda urun bulabilmeli" classname="US1001 Arama Testi" time="0.0">
    <skipped message="&apos;cucumber.filter.tags=@paralel1&apos; did not match this scenario"/>
  </testcase>
  <testcase name="TC03 kullanici baby arattiginda urun bulabilmeli" classname="US1001 Arama Testi" time="0.0">
    <skipped message="&apos;cucumber.filter.tags=@paralel1&apos; did not match this scenario"/>
  </testcase>
  <testcase name="TC04 kullanici phone arattiginda urun bulabilmeli" classname="US1002 bastaki tekrarlari Background ile yapma" time="0.0">
    <skipped message="&apos;cucumber.filter.tags=@paralel1&apos; did not match this scenario"/>
  </testcase>
  <testcase name="TC05 kullanici dress arattiginda urun bulabilmeli" classname="US1002 bastaki tekrarlari Background ile yapma" time="0.0">
    <skipped message="&apos;cucumber.filter.tags=@paralel1&apos; did not match this scenario"/>
  </testcase>
  <testcase name="TC06 kullanici baby arattiginda urun bulabilmeli" classname="US1002 bastaki tekrarlari Background ile yapma" time="0.0">
    <skipped message="&apos;cucumber.filter.tags=@paralel1&apos; did not match this scenario"/>
  </testcase>
  <testcase name="TC07 kullanici istedigi kelimeyi aratabilmeli" classname="US1003 Kullanici parametre olarak yazdigi kelimeyi aratir" time="44.345">
    <error message="no such window: target window already closed&#10;from unknown error: web view not found&#10;  (Session info: chrome=129.0.6668.91)&#10;Build info: version: &apos;4.25.0&apos;, revision: &apos;8a8aea2337&apos;&#10;System info: os.name: &apos;Mac OS X&apos;, os.arch: &apos;aarch64&apos;, os.version: &apos;15.0.1&apos;, java.version: &apos;18.0.2&apos;&#10;Driver info: org.openqa.selenium.chrome.ChromeDriver&#10;Command: [6d1859d184b81a03d8d78dbc4e9d1132, findElement {using=id, value=global-search}]&#10;Capabilities {acceptInsecureCerts: false, browserName: chrome, browserVersion: 129.0.6668.91, chrome: {chromedriverVersion: 129.0.6668.91 (b00bc8b76d60..., userDataDir: /var/folders/k5/tn4cs92s1h3...}, fedcm:accounts: true, goog:chromeOptions: {debuggerAddress: localhost:63037}, networkConnectionEnabled: false, pageLoadStrategy: normal, platformName: mac, proxy: Proxy(), se:cdp: ws://localhost:63037/devtoo..., se:cdpVersion: 129.0.6668.91, setWindowRect: true, strictFileInteractability: false, timeouts: {implicit: 0, pageLoad: 300000, script: 30000}, unhandledPromptBehavior: dismiss and notify, webauthn:extension:credBlob: true, webauthn:extension:largeBlob: true, webauthn:extension:minPinLength: true, webauthn:extension:prf: true, webauthn:virtualAuthenticators: true}&#10;Session ID: 6d1859d184b81a03d8d78dbc4e9d1132" type="org.openqa.selenium.NoSuchWindowException"><![CDATA[org.openqa.selenium.NoSuchWindowException: 
no such window: target window already closed
from unknown error: web view not found
  (Session info: chrome=129.0.6668.91)
Build info: version: '4.25.0', revision: '8a8aea2337'
System info: os.name: 'Mac OS X', os.arch: 'aarch64', os.version: '15.0.1', java.version: '18.0.2'
Driver info: org.openqa.selenium.chrome.ChromeDriver
Command: [6d1859d184b81a03d8d78dbc4e9d1132, findElement {using=id, value=global-search}]
Capabilities {acceptInsecureCerts: false, browserName: chrome, browserVersion: 129.0.6668.91, chrome: {chromedriverVersion: 129.0.6668.91 (b00bc8b76d60..., userDataDir: /var/folders/k5/tn4cs92s1h3...}, fedcm:accounts: true, goog:chromeOptions: {debuggerAddress: localhost:63037}, networkConnectionEnabled: false, pageLoadStrategy: normal, platformName: mac, proxy: Proxy(), se:cdp: ws://localhost:63037/devtoo..., se:cdpVersion: 129.0.6668.91, setWindowRect: true, strictFileInteractability: false, timeouts: {implicit: 0, pageLoad: 300000, script: 30000}, unhandledPromptBehavior: dismiss and notify, webauthn:extension:credBlob: true, webauthn:extension:largeBlob: true, webauthn:extension:minPinLength: true, webauthn:extension:prf: true, webauthn:virtualAuthenticators: true}
Session ID: 6d1859d184b81a03d8d78dbc4e9d1132
	at java.base/java.lang.reflect.Constructor.newInstanceWithCaller(Constructor.java:499)
	at java.base/java.lang.reflect.Constructor.newInstance(Constructor.java:483)
	at org.openqa.selenium.remote.ErrorCodec.decode(ErrorCodec.java:167)
	at org.openqa.selenium.remote.codec.w3c.W3CHttpResponseCodec.decode(W3CHttpResponseCodec.java:138)
	at org.openqa.selenium.remote.codec.w3c.W3CHttpResponseCodec.decode(W3CHttpResponseCodec.java:50)
	at org.openqa.selenium.remote.HttpCommandExecutor.execute(HttpCommandExecutor.java:190)
	at org.openqa.selenium.remote.service.DriverCommandExecutor.invokeExecute(DriverCommandExecutor.java:216)
	at org.openqa.selenium.remote.service.DriverCommandExecutor.execute(DriverCommandExecutor.java:174)
	at org.openqa.selenium.remote.RemoteWebDriver.execute(RemoteWebDriver.java:545)
	at org.openqa.selenium.remote.ElementLocation$ElementFinder$2.findElement(ElementLocation.java:165)
	at org.openqa.selenium.remote.ElementLocation.findElement(ElementLocation.java:66)
	at org.openqa.selenium.remote.RemoteWebDriver.findElement(RemoteWebDriver.java:368)
	at org.openqa.selenium.remote.RemoteWebDriver.findElement(RemoteWebDriver.java:362)
	at org.openqa.selenium.support.pagefactory.DefaultElementLocator.findElement(DefaultElementLocator.java:68)
	at org.openqa.selenium.support.pagefactory.internal.LocatingElementHandler.invoke(LocatingElementHandler.java:38)
	at jdk.proxy2/jdk.proxy2.$Proxy21.sendKeys(Unknown Source)
	at stepdefinitions.TestotomasyonuStepdefinitions.aramaKutusunaYazipAratir(TestotomasyonuStepdefinitions.java:56)
	at ✽.arama kutusuna "backpack" yazip aratir(file:///Users/ahmetbulutluoz/Desktop/My%20Desktop/course/projeler/Team145_Cucumber/src/test/resources/features/US1003_ParametreIleUrunArama.feature:7)
]]></error>
    <system-out><![CDATA[
@paralel1
Scenario: TC07 kullanici istedigi kelimeyi aratabilmeli &amp#27;[90m# src/test/resources/features/US1003_ParametreIleUrunArama.feature:4&amp#27;[0m
  &amp#27;[32mGiven &amp#27;[0m&amp#27;[32mkullanici testotomasyonu anasayfaya gider&amp#27;[0m       &amp#27;[90m# stepdefinitions.TestotomasyonuStepdefinitions.kullanici_testotomasyonu_anasayfaya_gider()&amp#27;[0m
  &amp#27;[31mWhen &amp#27;[0m&amp#27;[31marama kutusuna &amp#27;[0m&amp#27;[31m&amp#27;[1m"backpack"&amp#27;[0m&amp#27;[31m yazip aratir&amp#27;[0m           &amp#27;[90m# stepdefinitions.TestotomasyonuStepdefinitions.aramaKutusunaYazipAratir(java.lang.String)&amp#27;[0m
      &amp#27;[31morg.openqa.selenium.NoSuchWindowException: no such window: target window already closed
from unknown error: web view not found
  (Session info: chrome=129.0.6668.91)
Build info: version: '4.25.0', revision: '8a8aea2337'
System info: os.name: 'Mac OS X', os.arch: 'aarch64', os.version: '15.0.1', java.version: '18.0.2'
Driver info: org.openqa.selenium.chrome.ChromeDriver
Command: [6d1859d184b81a03d8d78dbc4e9d1132, findElement {using=id, value=global-search}]
Capabilities {acceptInsecureCerts: false, browserName: chrome, browserVersion: 129.0.6668.91, chrome: {chromedriverVersion: 129.0.6668.91 (b00bc8b76d60..., userDataDir: /var/folders/k5/tn4cs92s1h3...}, fedcm:accounts: true, goog:chromeOptions: {debuggerAddress: localhost:63037}, networkConnectionEnabled: false, pageLoadStrategy: normal, platformName: mac, proxy: Proxy(), se:cdp: ws://localhost:63037/devtoo..., se:cdpVersion: 129.0.6668.91, setWindowRect: true, strictFileInteractability: false, timeouts: {implicit: 0, pageLoad: 300000, script: 30000}, unhandledPromptBehavior: dismiss and notify, webauthn:extension:credBlob: true, webauthn:extension:largeBlob: true, webauthn:extension:minPinLength: true, webauthn:extension:prf: true, webauthn:virtualAuthenticators: true}
Session ID: 6d1859d184b81a03d8d78dbc4e9d1132
	at java.base/jdk.internal.reflect.DirectConstructorHandleAccessor.newInstance(DirectConstructorHandleAccessor.java:67)
	at java.base/java.lang.reflect.Constructor.newInstanceWithCaller(Constructor.java:499)
	at java.base/java.lang.reflect.Constructor.newInstance(Constructor.java:483)
	at org.openqa.selenium.remote.ErrorCodec.decode(ErrorCodec.java:167)
	at org.openqa.selenium.remote.codec.w3c.W3CHttpResponseCodec.decode(W3CHttpResponseCodec.java:138)
	at org.openqa.selenium.remote.codec.w3c.W3CHttpResponseCodec.decode(W3CHttpResponseCodec.java:50)
	at org.openqa.selenium.remote.HttpCommandExecutor.execute(HttpCommandExecutor.java:190)
	at org.openqa.selenium.remote.service.DriverCommandExecutor.invokeExecute(DriverCommandExecutor.java:216)
	at org.openqa.selenium.remote.service.DriverCommandExecutor.execute(DriverCommandExecutor.java:174)
	at org.openqa.selenium.remote.RemoteWebDriver.execute(RemoteWebDriver.java:545)
	at org.openqa.selenium.remote.ElementLocation$ElementFinder$2.findElement(ElementLocation.java:165)
	at org.openqa.selenium.remote.ElementLocation.findElement(ElementLocation.java:66)
	at org.openqa.selenium.remote.RemoteWebDriver.findElement(RemoteWebDriver.java:368)
	at org.openqa.selenium.remote.RemoteWebDriver.findElement(RemoteWebDriver.java:362)
	at org.openqa.selenium.support.pagefactory.DefaultElementLocator.findElement(DefaultElementLocator.java:68)
	at org.openqa.selenium.support.pagefactory.internal.LocatingElementHandler.invoke(LocatingElementHandler.java:38)
	at jdk.proxy2/jdk.proxy2.$Proxy21.sendKeys(Unknown Source)
	at stepdefinitions.TestotomasyonuStepdefinitions.aramaKutusunaYazipAratir(TestotomasyonuStepdefinitions.java:56)
	at ✽.arama kutusuna "backpack" yazip aratir(file:///Users/ahmetbulutluoz/Desktop/My%20Desktop/course/projeler/Team145_Cucumber/src/test/resources/features/US1003_ParametreIleUrunArama.feature:7)
&amp#27;[0m
  &amp#27;[36mThen &amp#27;[0m&amp#27;[36marama sonucunda urun bulunabildigini test eder&amp#27;[0m   &amp#27;[90m# stepdefinitions.TestotomasyonuStepdefinitions.arama_sonucunda_urun_bulunabildigini_test_eder()&amp#27;[0m
  &amp#27;[36mAnd &amp#27;[0m&amp#27;[36m&amp#27;[0m&amp#27;[36m&amp#27;[1m5&amp#27;[0m&amp#27;[36m saniye bekler&amp#27;[0m                                   &amp#27;[90m# stepdefinitions.TestotomasyonuStepdefinitions.saniyeBekler(int)&amp#27;[0m
      &amp#27;[31morg.openqa.selenium.NoSuchWindowException: no such window: target window already closed
from unknown error: web view not found
  (Session info: chrome=129.0.6668.91)
Build info: version: '4.25.0', revision: '8a8aea2337'
System info: os.name: 'Mac OS X', os.arch: 'aarch64', os.version: '15.0.1', java.version: '18.0.2'
Driver info: org.openqa.selenium.chrome.ChromeDriver
Command: [6d1859d184b81a03d8d78dbc4e9d1132, screenshot {}]
Capabilities {acceptInsecureCerts: false, browserName: chrome, browserVersion: 129.0.6668.91, chrome: {chromedriverVersion: 129.0.6668.91 (b00bc8b76d60..., userDataDir: /var/folders/k5/tn4cs92s1h3...}, fedcm:accounts: true, goog:chromeOptions: {debuggerAddress: localhost:63037}, networkConnectionEnabled: false, pageLoadStrategy: normal, platformName: mac, proxy: Proxy(), se:cdp: ws://localhost:63037/devtoo..., se:cdpVersion: 129.0.6668.91, setWindowRect: true, strictFileInteractability: false, timeouts: {implicit: 0, pageLoad: 300000, script: 30000}, unhandledPromptBehavior: dismiss and notify, webauthn:extension:credBlob: true, webauthn:extension:largeBlob: true, webauthn:extension:minPinLength: true, webauthn:extension:prf: true, webauthn:virtualAuthenticators: true}
Session ID: 6d1859d184b81a03d8d78dbc4e9d1132
	at java.base/jdk.internal.reflect.DirectConstructorHandleAccessor.newInstance(DirectConstructorHandleAccessor.java:67)
	at java.base/java.lang.reflect.Constructor.newInstanceWithCaller(Constructor.java:499)
	at java.base/java.lang.reflect.Constructor.newInstance(Constructor.java:483)
	at org.openqa.selenium.remote.ErrorCodec.decode(ErrorCodec.java:167)
	at org.openqa.selenium.remote.codec.w3c.W3CHttpResponseCodec.decode(W3CHttpResponseCodec.java:138)
	at org.openqa.selenium.remote.codec.w3c.W3CHttpResponseCodec.decode(W3CHttpResponseCodec.java:50)
	at org.openqa.selenium.remote.HttpCommandExecutor.execute(HttpCommandExecutor.java:190)
	at org.openqa.selenium.remote.service.DriverCommandExecutor.invokeExecute(DriverCommandExecutor.java:216)
	at org.openqa.selenium.remote.service.DriverCommandExecutor.execute(DriverCommandExecutor.java:174)
	at org.openqa.selenium.remote.RemoteWebDriver.execute(RemoteWebDriver.java:545)
	at org.openqa.selenium.remote.RemoteWebDriver.execute(RemoteWebDriver.java:618)
	at org.openqa.selenium.remote.RemoteWebDriver.execute(RemoteWebDriver.java:622)
	at org.openqa.selenium.remote.RemoteWebDriver.getScreenshotAs(RemoteWebDriver.java:334)
	at stepdefinitions.Hooks.tearDown(Hooks.java:33)
&amp#27;[0m
]]></system-out>
  </testcase>
  <testcase name="TC08 kullanici gecerli bilgilerle giris yapabilmeli" classname="US1004 kullanici gecerli bilgilerle giris yapar" time="0.0">
    <skipped message="&apos;cucumber.filter.tags=@paralel1&apos; did not match this scenario"/>
  </testcase>
  <testcase name="TC09 gecersiz email ile giris yapilamamali" classname="US1005 gecersiz bilgilerle giris yapilamaz" time="0.02">
    <error message="no such window: target window already closed&#10;from unknown error: web view not found&#10;  (Session info: chrome=129.0.6668.91)&#10;Build info: version: &apos;4.25.0&apos;, revision: &apos;8a8aea2337&apos;&#10;System info: os.name: &apos;Mac OS X&apos;, os.arch: &apos;aarch64&apos;, os.version: &apos;15.0.1&apos;, java.version: &apos;18.0.2&apos;&#10;Driver info: org.openqa.selenium.chrome.ChromeDriver&#10;Command: [6d1859d184b81a03d8d78dbc4e9d1132, get {url=https://www.testotomasyonu.com/}]&#10;Capabilities {acceptInsecureCerts: false, browserName: chrome, browserVersion: 129.0.6668.91, chrome: {chromedriverVersion: 129.0.6668.91 (b00bc8b76d60..., userDataDir: /var/folders/k5/tn4cs92s1h3...}, fedcm:accounts: true, goog:chromeOptions: {debuggerAddress: localhost:63037}, networkConnectionEnabled: false, pageLoadStrategy: normal, platformName: mac, proxy: Proxy(), se:cdp: ws://localhost:63037/devtoo..., se:cdpVersion: 129.0.6668.91, setWindowRect: true, strictFileInteractability: false, timeouts: {implicit: 0, pageLoad: 300000, script: 30000}, unhandledPromptBehavior: dismiss and notify, webauthn:extension:credBlob: true, webauthn:extension:largeBlob: true, webauthn:extension:minPinLength: true, webauthn:extension:prf: true, webauthn:virtualAuthenticators: true}&#10;Session ID: 6d1859d184b81a03d8d78dbc4e9d1132" type="org.openqa.selenium.NoSuchWindowException"><![CDATA[org.openqa.selenium.NoSuchWindowException: 
no such window: target window already closed
from unknown error: web view not found
  (Session info: chrome=129.0.6668.91)
Build info: version: '4.25.0', revision: '8a8aea2337'
System info: os.name: 'Mac OS X', os.arch: 'aarch64', os.version: '15.0.1', java.version: '18.0.2'
Driver info: org.openqa.selenium.chrome.ChromeDriver
Command: [6d1859d184b81a03d8d78dbc4e9d1132, get {url=https://www.testotomasyonu.com/}]
Capabilities {acceptInsecureCerts: false, browserName: chrome, browserVersion: 129.0.6668.91, chrome: {chromedriverVersion: 129.0.6668.91 (b00bc8b76d60..., userDataDir: /var/folders/k5/tn4cs92s1h3...}, fedcm:accounts: true, goog:chromeOptions: {debuggerAddress: localhost:63037}, networkConnectionEnabled: false, pageLoadStrategy: normal, platformName: mac, proxy: Proxy(), se:cdp: ws://localhost:63037/devtoo..., se:cdpVersion: 129.0.6668.91, setWindowRect: true, strictFileInteractability: false, timeouts: {implicit: 0, pageLoad: 300000, script: 30000}, unhandledPromptBehavior: dismiss and notify, webauthn:extension:credBlob: true, webauthn:extension:largeBlob: true, webauthn:extension:minPinLength: true, webauthn:extension:prf: true, webauthn:virtualAuthenticators: true}
Session ID: 6d1859d184b81a03d8d78dbc4e9d1132
	at java.base/java.lang.reflect.Constructor.newInstanceWithCaller(Constructor.java:499)
	at java.base/java.lang.reflect.Constructor.newInstance(Constructor.java:483)
	at org.openqa.selenium.remote.ErrorCodec.decode(ErrorCodec.java:167)
	at org.openqa.selenium.remote.codec.w3c.W3CHttpResponseCodec.decode(W3CHttpResponseCodec.java:138)
	at org.openqa.selenium.remote.codec.w3c.W3CHttpResponseCodec.decode(W3CHttpResponseCodec.java:50)
	at org.openqa.selenium.remote.HttpCommandExecutor.execute(HttpCommandExecutor.java:190)
	at org.openqa.selenium.remote.service.DriverCommandExecutor.invokeExecute(DriverCommandExecutor.java:216)
	at org.openqa.selenium.remote.service.DriverCommandExecutor.execute(DriverCommandExecutor.java:174)
	at org.openqa.selenium.remote.RemoteWebDriver.execute(RemoteWebDriver.java:545)
	at org.openqa.selenium.remote.RemoteWebDriver.get(RemoteWebDriver.java:313)
	at stepdefinitions.TestotomasyonuStepdefinitions.kullanici_testotomasyonu_anasayfaya_gider(TestotomasyonuStepdefinitions.java:17)
	at ✽.kullanici testotomasyonu anasayfaya gider(file:///Users/ahmetbulutluoz/Desktop/My%20Desktop/course/projeler/Team145_Cucumber/src/test/resources/features/US1005_ParametreliNegatifLoginTesti.feature:7)
]]></error>
    <system-out><![CDATA[
@paralel1
Scenario: TC09 gecersiz email ile giris yapilamamali &amp#27;[90m# src/test/resources/features/US1005_ParametreliNegatifLoginTesti.feature:5&amp#27;[0m
  &amp#27;[31mGiven &amp#27;[0m&amp#27;[31mkullanici testotomasyonu anasayfaya gider&amp#27;[0m    &amp#27;[90m# stepdefinitions.TestotomasyonuStepdefinitions.kullanici_testotomasyonu_anasayfaya_gider()&amp#27;[0m
      &amp#27;[31morg.openqa.selenium.NoSuchWindowException: no such window: target window already closed
from unknown error: web view not found
  (Session info: chrome=129.0.6668.91)
Build info: version: '4.25.0', revision: '8a8aea2337'
System info: os.name: 'Mac OS X', os.arch: 'aarch64', os.version: '15.0.1', java.version: '18.0.2'
Driver info: org.openqa.selenium.chrome.ChromeDriver
Command: [6d1859d184b81a03d8d78dbc4e9d1132, get {url=https://www.testotomasyonu.com/}]
Capabilities {acceptInsecureCerts: false, browserName: chrome, browserVersion: 129.0.6668.91, chrome: {chromedriverVersion: 129.0.6668.91 (b00bc8b76d60..., userDataDir: /var/folders/k5/tn4cs92s1h3...}, fedcm:accounts: true, goog:chromeOptions: {debuggerAddress: localhost:63037}, networkConnectionEnabled: false, pageLoadStrategy: normal, platformName: mac, proxy: Proxy(), se:cdp: ws://localhost:63037/devtoo..., se:cdpVersion: 129.0.6668.91, setWindowRect: true, strictFileInteractability: false, timeouts: {implicit: 0, pageLoad: 300000, script: 30000}, unhandledPromptBehavior: dismiss and notify, webauthn:extension:credBlob: true, webauthn:extension:largeBlob: true, webauthn:extension:minPinLength: true, webauthn:extension:prf: true, webauthn:virtualAuthenticators: true}
Session ID: 6d1859d184b81a03d8d78dbc4e9d1132
	at java.base/jdk.internal.reflect.DirectConstructorHandleAccessor.newInstance(DirectConstructorHandleAccessor.java:67)
	at java.base/java.lang.reflect.Constructor.newInstanceWithCaller(Constructor.java:499)
	at java.base/java.lang.reflect.Constructor.newInstance(Constructor.java:483)
	at org.openqa.selenium.remote.ErrorCodec.decode(ErrorCodec.java:167)
	at org.openqa.selenium.remote.codec.w3c.W3CHttpResponseCodec.decode(W3CHttpResponseCodec.java:138)
	at org.openqa.selenium.remote.codec.w3c.W3CHttpResponseCodec.decode(W3CHttpResponseCodec.java:50)
	at org.openqa.selenium.remote.HttpCommandExecutor.execute(HttpCommandExecutor.java:190)
	at org.openqa.selenium.remote.service.DriverCommandExecutor.invokeExecute(DriverCommandExecutor.java:216)
	at org.openqa.selenium.remote.service.DriverCommandExecutor.execute(DriverCommandExecutor.java:174)
	at org.openqa.selenium.remote.RemoteWebDriver.execute(RemoteWebDriver.java:545)
	at org.openqa.selenium.remote.RemoteWebDriver.get(RemoteWebDriver.java:313)
	at stepdefinitions.TestotomasyonuStepdefinitions.kullanici_testotomasyonu_anasayfaya_gider(TestotomasyonuStepdefinitions.java:17)
	at ✽.kullanici testotomasyonu anasayfaya gider(file:///Users/ahmetbulutluoz/Desktop/My%20Desktop/course/projeler/Team145_Cucumber/src/test/resources/features/US1005_ParametreliNegatifLoginTesti.feature:7)
&amp#27;[0m
  &amp#27;[36mThen &amp#27;[0m&amp#27;[36maccount linkini tiklar&amp#27;[0m                        &amp#27;[90m# stepdefinitions.TestotomasyonuStepdefinitions.account_linkini_tiklar()&amp#27;[0m
  &amp#27;[36mWhen &amp#27;[0m&amp#27;[36memail olarak &amp#27;[0m&amp#27;[36m&amp#27;[1m"toGecersizEmail"&amp#27;[0m&amp#27;[36m girer&amp#27;[0m          &amp#27;[90m# stepdefinitions.TestotomasyonuStepdefinitions.email_olarak_girer(java.lang.String)&amp#27;[0m
  &amp#27;[36mAnd &amp#27;[0m&amp#27;[36mpassword olarak &amp#27;[0m&amp#27;[36m&amp#27;[1m"toGecerliPassword"&amp#27;[0m&amp#27;[36m girer&amp#27;[0m      &amp#27;[90m# stepdefinitions.TestotomasyonuStepdefinitions.password_olarak_girer(java.lang.String)&amp#27;[0m
  &amp#27;[36mThen &amp#27;[0m&amp#27;[36mlogin butonuna basar&amp#27;[0m                          &amp#27;[90m# stepdefinitions.TestotomasyonuStepdefinitions.login_butonuna_basar()&amp#27;[0m
  &amp#27;[36mAnd &amp#27;[0m&amp#27;[36mgiris yapilamadigini test eder&amp#27;[0m                 &amp#27;[90m# stepdefinitions.TestotomasyonuStepdefinitions.girisYapilamadiginiTestEder()&amp#27;[0m
  &amp#27;[36mAnd &amp#27;[0m&amp#27;[36m&amp#27;[0m&amp#27;[36m&amp#27;[1m2&amp#27;[0m&amp#27;[36m saniye bekler&amp#27;[0m                                &amp#27;[90m# stepdefinitions.TestotomasyonuStepdefinitions.saniyeBekler(int)&amp#27;[0m
      &amp#27;[31morg.openqa.selenium.NoSuchWindowException: no such window: target window already closed
from unknown error: web view not found
  (Session info: chrome=129.0.6668.91)
Build info: version: '4.25.0', revision: '8a8aea2337'
System info: os.name: 'Mac OS X', os.arch: 'aarch64', os.version: '15.0.1', java.version: '18.0.2'
Driver info: org.openqa.selenium.chrome.ChromeDriver
Command: [6d1859d184b81a03d8d78dbc4e9d1132, screenshot {}]
Capabilities {acceptInsecureCerts: false, browserName: chrome, browserVersion: 129.0.6668.91, chrome: {chromedriverVersion: 129.0.6668.91 (b00bc8b76d60..., userDataDir: /var/folders/k5/tn4cs92s1h3...}, fedcm:accounts: true, goog:chromeOptions: {debuggerAddress: localhost:63037}, networkConnectionEnabled: false, pageLoadStrategy: normal, platformName: mac, proxy: Proxy(), se:cdp: ws://localhost:63037/devtoo..., se:cdpVersion: 129.0.6668.91, setWindowRect: true, strictFileInteractability: false, timeouts: {implicit: 0, pageLoad: 300000, script: 30000}, unhandledPromptBehavior: dismiss and notify, webauthn:extension:credBlob: true, webauthn:extension:largeBlob: true, webauthn:extension:minPinLength: true, webauthn:extension:prf: true, webauthn:virtualAuthenticators: true}
Session ID: 6d1859d184b81a03d8d78dbc4e9d1132
	at java.base/jdk.internal.reflect.DirectConstructorHandleAccessor.newInstance(DirectConstructorHandleAccessor.java:67)
	at java.base/java.lang.reflect.Constructor.newInstanceWithCaller(Constructor.java:499)
	at java.base/java.lang.reflect.Constructor.newInstance(Constructor.java:483)
	at org.openqa.selenium.remote.ErrorCodec.decode(ErrorCodec.java:167)
	at org.openqa.selenium.remote.codec.w3c.W3CHttpResponseCodec.decode(W3CHttpResponseCodec.java:138)
	at org.openqa.selenium.remote.codec.w3c.W3CHttpResponseCodec.decode(W3CHttpResponseCodec.java:50)
	at org.openqa.selenium.remote.HttpCommandExecutor.execute(HttpCommandExecutor.java:190)
	at org.openqa.selenium.remote.service.DriverCommandExecutor.invokeExecute(DriverCommandExecutor.java:216)
	at org.openqa.selenium.remote.service.DriverCommandExecutor.execute(DriverCommandExecutor.java:174)
	at org.openqa.selenium.remote.RemoteWebDriver.execute(RemoteWebDriver.java:545)
	at org.openqa.selenium.remote.RemoteWebDriver.execute(RemoteWebDriver.java:618)
	at org.openqa.selenium.remote.RemoteWebDriver.execute(RemoteWebDriver.java:622)
	at org.openqa.selenium.remote.RemoteWebDriver.getScreenshotAs(RemoteWebDriver.java:334)
	at stepdefinitions.Hooks.tearDown(Hooks.java:33)
&amp#27;[0m
]]></system-out>
  </testcase>
  <testcase name="TC10 gecersiz password ile giris yapilamamali" classname="US1005 gecersiz bilgilerle giris yapilamaz" time="0.0">
    <skipped message="&apos;cucumber.filter.tags=@paralel1&apos; did not match this scenario"/>
  </testcase>
  <testcase name="TC11 gecersiz email gecersiz password testi" classname="US1005 gecersiz bilgilerle giris yapilamaz" time="0.0">
    <skipped message="&apos;cucumber.filter.tags=@paralel1&apos; did not match this scenario"/>
  </testcase>
  <testcase name="TC12 kullanici url&apos;i dinamik olarak girebilmeli" classname="US1006 Dinamik Url kullanimi" time="0.025">
    <error message="no such window: target window already closed&#10;from unknown error: web view not found&#10;  (Session info: chrome=129.0.6668.91)&#10;Build info: version: &apos;4.25.0&apos;, revision: &apos;8a8aea2337&apos;&#10;System info: os.name: &apos;Mac OS X&apos;, os.arch: &apos;aarch64&apos;, os.version: &apos;15.0.1&apos;, java.version: &apos;18.0.2&apos;&#10;Driver info: org.openqa.selenium.chrome.ChromeDriver&#10;Command: [6d1859d184b81a03d8d78dbc4e9d1132, get {url=https://testotomasyonu.com/form}]&#10;Capabilities {acceptInsecureCerts: false, browserName: chrome, browserVersion: 129.0.6668.91, chrome: {chromedriverVersion: 129.0.6668.91 (b00bc8b76d60..., userDataDir: /var/folders/k5/tn4cs92s1h3...}, fedcm:accounts: true, goog:chromeOptions: {debuggerAddress: localhost:63037}, networkConnectionEnabled: false, pageLoadStrategy: normal, platformName: mac, proxy: Proxy(), se:cdp: ws://localhost:63037/devtoo..., se:cdpVersion: 129.0.6668.91, setWindowRect: true, strictFileInteractability: false, timeouts: {implicit: 0, pageLoad: 300000, script: 30000}, unhandledPromptBehavior: dismiss and notify, webauthn:extension:credBlob: true, webauthn:extension:largeBlob: true, webauthn:extension:minPinLength: true, webauthn:extension:prf: true, webauthn:virtualAuthenticators: true}&#10;Session ID: 6d1859d184b81a03d8d78dbc4e9d1132" type="org.openqa.selenium.NoSuchWindowException"><![CDATA[org.openqa.selenium.NoSuchWindowException: 
no such window: target window already closed
from unknown error: web view not found
  (Session info: chrome=129.0.6668.91)
Build info: version: '4.25.0', revision: '8a8aea2337'
System info: os.name: 'Mac OS X', os.arch: 'aarch64', os.version: '15.0.1', java.version: '18.0.2'
Driver info: org.openqa.selenium.chrome.ChromeDriver
Command: [6d1859d184b81a03d8d78dbc4e9d1132, get {url=https://testotomasyonu.com/form}]
Capabilities {acceptInsecureCerts: false, browserName: chrome, browserVersion: 129.0.6668.91, chrome: {chromedriverVersion: 129.0.6668.91 (b00bc8b76d60..., userDataDir: /var/folders/k5/tn4cs92s1h3...}, fedcm:accounts: true, goog:chromeOptions: {debuggerAddress: localhost:63037}, networkConnectionEnabled: false, pageLoadStrategy: normal, platformName: mac, proxy: Proxy(), se:cdp: ws://localhost:63037/devtoo..., se:cdpVersion: 129.0.6668.91, setWindowRect: true, strictFileInteractability: false, timeouts: {implicit: 0, pageLoad: 300000, script: 30000}, unhandledPromptBehavior: dismiss and notify, webauthn:extension:credBlob: true, webauthn:extension:largeBlob: true, webauthn:extension:minPinLength: true, webauthn:extension:prf: true, webauthn:virtualAuthenticators: true}
Session ID: 6d1859d184b81a03d8d78dbc4e9d1132
	at java.base/java.lang.reflect.Constructor.newInstanceWithCaller(Constructor.java:499)
	at java.base/java.lang.reflect.Constructor.newInstance(Constructor.java:483)
	at org.openqa.selenium.remote.ErrorCodec.decode(ErrorCodec.java:167)
	at org.openqa.selenium.remote.codec.w3c.W3CHttpResponseCodec.decode(W3CHttpResponseCodec.java:138)
	at org.openqa.selenium.remote.codec.w3c.W3CHttpResponseCodec.decode(W3CHttpResponseCodec.java:50)
	at org.openqa.selenium.remote.HttpCommandExecutor.execute(HttpCommandExecutor.java:190)
	at org.openqa.selenium.remote.service.DriverCommandExecutor.invokeExecute(DriverCommandExecutor.java:216)
	at org.openqa.selenium.remote.service.DriverCommandExecutor.execute(DriverCommandExecutor.java:174)
	at org.openqa.selenium.remote.RemoteWebDriver.execute(RemoteWebDriver.java:545)
	at org.openqa.selenium.remote.RemoteWebDriver.get(RemoteWebDriver.java:313)
	at stepdefinitions.TestotomasyonuStepdefinitions.kullanici_anasayfaya_gider(TestotomasyonuStepdefinitions.java:109)
	at ✽.kullanici "toFormUrl" anasayfaya gider(file:///Users/ahmetbulutluoz/Desktop/My%20Desktop/course/projeler/Team145_Cucumber/src/test/resources/features/US1006_UrliDinamikYapma.feature:7)
]]></error>
    <system-out><![CDATA[
@paralel1
Scenario: TC12 kullanici url'i dinamik olarak girebilmeli &amp#27;[90m# src/test/resources/features/US1006_UrliDinamikYapma.feature:5&amp#27;[0m
  &amp#27;[31mGiven &amp#27;[0m&amp#27;[31mkullanici &amp#27;[0m&amp#27;[31m&amp#27;[1m"toFormUrl"&amp#27;[0m&amp#27;[31m anasayfaya gider&amp#27;[0m            &amp#27;[90m# stepdefinitions.TestotomasyonuStepdefinitions.kullanici_anasayfaya_gider(java.lang.String)&amp#27;[0m
      &amp#27;[31morg.openqa.selenium.NoSuchWindowException: no such window: target window already closed
from unknown error: web view not found
  (Session info: chrome=129.0.6668.91)
Build info: version: '4.25.0', revision: '8a8aea2337'
System info: os.name: 'Mac OS X', os.arch: 'aarch64', os.version: '15.0.1', java.version: '18.0.2'
Driver info: org.openqa.selenium.chrome.ChromeDriver
Command: [6d1859d184b81a03d8d78dbc4e9d1132, get {url=https://testotomasyonu.com/form}]
Capabilities {acceptInsecureCerts: false, browserName: chrome, browserVersion: 129.0.6668.91, chrome: {chromedriverVersion: 129.0.6668.91 (b00bc8b76d60..., userDataDir: /var/folders/k5/tn4cs92s1h3...}, fedcm:accounts: true, goog:chromeOptions: {debuggerAddress: localhost:63037}, networkConnectionEnabled: false, pageLoadStrategy: normal, platformName: mac, proxy: Proxy(), se:cdp: ws://localhost:63037/devtoo..., se:cdpVersion: 129.0.6668.91, setWindowRect: true, strictFileInteractability: false, timeouts: {implicit: 0, pageLoad: 300000, script: 30000}, unhandledPromptBehavior: dismiss and notify, webauthn:extension:credBlob: true, webauthn:extension:largeBlob: true, webauthn:extension:minPinLength: true, webauthn:extension:prf: true, webauthn:virtualAuthenticators: true}
Session ID: 6d1859d184b81a03d8d78dbc4e9d1132
	at java.base/jdk.internal.reflect.DirectConstructorHandleAccessor.newInstance(DirectConstructorHandleAccessor.java:67)
	at java.base/java.lang.reflect.Constructor.newInstanceWithCaller(Constructor.java:499)
	at java.base/java.lang.reflect.Constructor.newInstance(Constructor.java:483)
	at org.openqa.selenium.remote.ErrorCodec.decode(ErrorCodec.java:167)
	at org.openqa.selenium.remote.codec.w3c.W3CHttpResponseCodec.decode(W3CHttpResponseCodec.java:138)
	at org.openqa.selenium.remote.codec.w3c.W3CHttpResponseCodec.decode(W3CHttpResponseCodec.java:50)
	at org.openqa.selenium.remote.HttpCommandExecutor.execute(HttpCommandExecutor.java:190)
	at org.openqa.selenium.remote.service.DriverCommandExecutor.invokeExecute(DriverCommandExecutor.java:216)
	at org.openqa.selenium.remote.service.DriverCommandExecutor.execute(DriverCommandExecutor.java:174)
	at org.openqa.selenium.remote.RemoteWebDriver.execute(RemoteWebDriver.java:545)
	at org.openqa.selenium.remote.RemoteWebDriver.get(RemoteWebDriver.java:313)
	at stepdefinitions.TestotomasyonuStepdefinitions.kullanici_anasayfaya_gider(TestotomasyonuStepdefinitions.java:109)
	at ✽.kullanici "toFormUrl" anasayfaya gider(file:///Users/ahmetbulutluoz/Desktop/My%20Desktop/course/projeler/Team145_Cucumber/src/test/resources/features/US1006_UrliDinamikYapma.feature:7)
&amp#27;[0m
  &amp#27;[36m* &amp#27;[0m&amp#27;[36m&amp#27;[0m&amp#27;[36m&amp#27;[1m3&amp#27;[0m&amp#27;[36m saniye bekler&amp#27;[0m                                       &amp#27;[90m# stepdefinitions.TestotomasyonuStepdefinitions.saniyeBekler(int)&amp#27;[0m
  &amp#27;[36mThen &amp#27;[0m&amp#27;[36mdogum tarihi ay acilir menuden &amp#27;[0m&amp#27;[36m&amp#27;[1m"Haziran"&amp#27;[0m&amp#27;[36m secer&amp#27;[0m     &amp#27;[90m# stepdefinitions.TestotomasyonuFormStepdefinitions.dogum_tarihi_ay_acilir_menuden_secer(java.lang.String)&amp#27;[0m
  &amp#27;[36mAnd &amp#27;[0m&amp#27;[36msecilen ayin &amp#27;[0m&amp#27;[36m&amp#27;[1m"Haziran"&amp#27;[0m&amp#27;[36m oldugunu test eder&amp#27;[0m           &amp#27;[90m# stepdefinitions.TestotomasyonuFormStepdefinitions.secilen_ayin_oldugunu_test_eder(java.lang.String)&amp#27;[0m
  &amp#27;[36mWhen &amp#27;[0m&amp#27;[36macilir menude toplam &amp#27;[0m&amp#27;[36m&amp#27;[1m13&amp#27;[0m&amp#27;[36m option oldugunu test eder&amp#27;[0m  &amp#27;[90m# stepdefinitions.TestotomasyonuFormStepdefinitions.acilir_menude_toplam_option_oldugunu_test_eder(java.lang.Integer)&amp#27;[0m
      &amp#27;[31morg.openqa.selenium.NoSuchWindowException: no such window: target window already closed
from unknown error: web view not found
  (Session info: chrome=129.0.6668.91)
Build info: version: '4.25.0', revision: '8a8aea2337'
System info: os.name: 'Mac OS X', os.arch: 'aarch64', os.version: '15.0.1', java.version: '18.0.2'
Driver info: org.openqa.selenium.chrome.ChromeDriver
Command: [6d1859d184b81a03d8d78dbc4e9d1132, screenshot {}]
Capabilities {acceptInsecureCerts: false, browserName: chrome, browserVersion: 129.0.6668.91, chrome: {chromedriverVersion: 129.0.6668.91 (b00bc8b76d60..., userDataDir: /var/folders/k5/tn4cs92s1h3...}, fedcm:accounts: true, goog:chromeOptions: {debuggerAddress: localhost:63037}, networkConnectionEnabled: false, pageLoadStrategy: normal, platformName: mac, proxy: Proxy(), se:cdp: ws://localhost:63037/devtoo..., se:cdpVersion: 129.0.6668.91, setWindowRect: true, strictFileInteractability: false, timeouts: {implicit: 0, pageLoad: 300000, script: 30000}, unhandledPromptBehavior: dismiss and notify, webauthn:extension:credBlob: true, webauthn:extension:largeBlob: true, webauthn:extension:minPinLength: true, webauthn:extension:prf: true, webauthn:virtualAuthenticators: true}
Session ID: 6d1859d184b81a03d8d78dbc4e9d1132
	at java.base/jdk.internal.reflect.DirectConstructorHandleAccessor.newInstance(DirectConstructorHandleAccessor.java:67)
	at java.base/java.lang.reflect.Constructor.newInstanceWithCaller(Constructor.java:499)
	at java.base/java.lang.reflect.Constructor.newInstance(Constructor.java:483)
	at org.openqa.selenium.remote.ErrorCodec.decode(ErrorCodec.java:167)
	at org.openqa.selenium.remote.codec.w3c.W3CHttpResponseCodec.decode(W3CHttpResponseCodec.java:138)
	at org.openqa.selenium.remote.codec.w3c.W3CHttpResponseCodec.decode(W3CHttpResponseCodec.java:50)
	at org.openqa.selenium.remote.HttpCommandExecutor.execute(HttpCommandExecutor.java:190)
	at org.openqa.selenium.remote.service.DriverCommandExecutor.invokeExecute(DriverCommandExecutor.java:216)
	at org.openqa.selenium.remote.service.DriverCommandExecutor.execute(DriverCommandExecutor.java:174)
	at org.openqa.selenium.remote.RemoteWebDriver.execute(RemoteWebDriver.java:545)
	at org.openqa.selenium.remote.RemoteWebDriver.execute(RemoteWebDriver.java:618)
	at org.openqa.selenium.remote.RemoteWebDriver.execute(RemoteWebDriver.java:622)
	at org.openqa.selenium.remote.RemoteWebDriver.getScreenshotAs(RemoteWebDriver.java:334)
	at stepdefinitions.Hooks.tearDown(Hooks.java:33)
&amp#27;[0m
]]></system-out>
  </testcase>
  <testcase name="TC13 kullanici fakerdan degerlerle kayit olusturabilmeli" classname="US1007 Facebook yeni kayit" time="0.0">
    <skipped message="&apos;cucumber.filter.tags=@paralel1&apos; did not match this scenario"/>
  </testcase>
  <testcase name="TC14 kullanici sectigi urunu satin alabilmeli" classname="US1008 Kullanici alisveris yapar" time="0.0">
    <skipped message="&apos;cucumber.filter.tags=@paralel1&apos; did not match this scenario"/>
  </testcase>
  <testcase name="TC15 kullanici elementlerin goruntulenmesini bekleyebilmeli" classname="US1009 Kullanici elementleri kullanabilmek icin bekler" time="0.0">
    <skipped message="&apos;cucumber.filter.tags=@paralel1&apos; did not match this scenario"/>
  </testcase>
  <testcase name="Example #1.1" classname="Examples" time="0.0">
    <skipped message="&apos;cucumber.filter.tags=@paralel1&apos; did not match this scenario"/>
  </testcase>
  <testcase name="Example #1.1" classname="Examples" time="0.0">
    <skipped message="&apos;cucumber.filter.tags=@paralel1&apos; did not match this scenario"/>
  </testcase>
  <testcase name="Example #1.1" classname="Examples" time="0.0">
    <skipped message="&apos;cucumber.filter.tags=@paralel1&apos; did not match this scenario"/>
  </testcase>
  <testcase name="Example #1.2" classname="Examples" time="0.0">
    <skipped message="&apos;cucumber.filter.tags=@paralel1&apos; did not match this scenario"/>
  </testcase>
  <testcase name="Example #1.2" classname="Examples" time="0.0">
    <skipped message="&apos;cucumber.filter.tags=@paralel1&apos; did not match this scenario"/>
  </testcase>
  <testcase name="Example #1.2" classname="Examples" time="0.0">
    <skipped message="&apos;cucumber.filter.tags=@paralel1&apos; did not match this scenario"/>
  </testcase>
  <testcase name="Example #1.3" classname="Examples" time="0.0">
    <skipped message="&apos;cucumber.filter.tags=@paralel1&apos; did not match this scenario"/>
  </testcase>
  <testcase name="Example #1.3" classname="Examples" time="0.0">
    <skipped message="&apos;cucumber.filter.tags=@paralel1&apos; did not match this scenario"/>
  </testcase>
  <testcase name="Example #1.3" classname="Examples" time="0.0">
    <skipped message="&apos;cucumber.filter.tags=@paralel1&apos; did not match this scenario"/>
  </testcase>
  <testcase name="Example #1.4" classname="Examples" time="0.0">
    <skipped message="&apos;cucumber.filter.tags=@paralel1&apos; did not match this scenario"/>
  </testcase>
  <testcase name="Example #1.4" classname="Examples" time="0.0">
    <skipped message="&apos;cucumber.filter.tags=@paralel1&apos; did not match this scenario"/>
  </testcase>
  <testcase name="Example #1.4" classname="Examples" time="0.0">
    <skipped message="&apos;cucumber.filter.tags=@paralel1&apos; did not match this scenario"/>
  </testcase>
  <testcase name="Example #1.5" classname="Examples" time="0.0">
    <skipped message="&apos;cucumber.filter.tags=@paralel1&apos; did not match this scenario"/>
  </testcase>
  <testcase name="Example #1.5" classname="Examples" time="0.0">
    <skipped message="&apos;cucumber.filter.tags=@paralel1&apos; did not match this scenario"/>
  </testcase>
  <testcase name="Example #1.5" classname="Examples" time="0.0">
    <skipped message="&apos;cucumber.filter.tags=@paralel1&apos; did not match this scenario"/>
  </testcase>
  <testcase name="Example #1.6" classname="Examples" time="0.0">
    <skipped message="&apos;cucumber.filter.tags=@paralel1&apos; did not match this scenario"/>
  </testcase>
  <testcase name="Example #1.6" classname="Examples" time="0.0">
    <skipped message="&apos;cucumber.filter.tags=@paralel1&apos; did not match this scenario"/>
  </testcase>
  <testcase name="Example #1.7" classname="Examples" time="0.0">
    <skipped message="&apos;cucumber.filter.tags=@paralel1&apos; did not match this scenario"/>
  </testcase>
  <testcase name="Example #1.7" classname="Examples" time="0.0">
    <skipped message="&apos;cucumber.filter.tags=@paralel1&apos; did not match this scenario"/>
  </testcase>
  <testcase name="Example #1.8" classname="Examples" time="0.0">
    <skipped message="&apos;cucumber.filter.tags=@paralel1&apos; did not match this scenario"/>
  </testcase>
  <testcase name="TC19 fake degerler ile giris yapilamamali" classname="US1013 WebDriverUniversity negatif login testi" time="0.0">
    <skipped message="&apos;cucumber.filter.tags=@paralel1&apos; did not match this scenario"/>
  </testcase>
</testsuite>