<?xml version="1.0" encoding="UTF-8"?>
<testsuite xmlns:xsi="http://www.w3.org/2001/XMLSchema-instance" xsi:noNamespaceSchemaLocation="https://maven.apache.org/surefire/maven-surefire-plugin/xsd/surefire-test-report.xsd" name="Runner" time="80.526" tests="36" errors="0" skipped="18" failures="2">
  <properties>
[...]
</properties>
  <testcase name="TC01 kullanici phone arattiginda urun bulabilmeli" classname="io.cucumber.junit.platform.engine.CucumberTestEngine" time="0">
    <skipped message="&apos;cucumber.filter.tags=@smoke&apos; did not match this scenario"/>
    <system-err><![CDATA[Oct 09, 2024 8:18:54 PM io.cucumber.junit.platform.engine.DiscoverySelectorResolver warnWhenCucumberFeaturesPropertyIsUsed
WARNING: Discovering tests using the cucumber.features property. Other discovery selectors are ignored!

This is a work around for the limited JUnit 5 support in Maven and Gradle. Please request/upvote/sponsor/ect better support for JUnit 5 discovery selectors. For details see: https://github.com/cucumber/cucumber-jvm/pull/2498

If you are using the JUnit 5 Suite Engine, Platform Launcher API or Console Launcher you should not use this property. Please consult the JUnit 5 documentation on test selection.
]]></system-err>
  </testcase>
  <testcase name="TC02 kullanici dress arattiginda urun bulabilmeli" classname="io.cucumber.junit.platform.engine.CucumberTestEngine" time="0">
    <skipped message="&apos;cucumber.filter.tags=@smoke&apos; did not match this scenario"/>
  </testcase>
  <testcase name="TC03 kullanici baby arattiginda urun bulabilmeli" classname="io.cucumber.junit.platform.engine.CucumberTestEngine" time="0">
    <skipped message="&apos;cucumber.filter.tags=@smoke&apos; did not match this scenario"/>
  </testcase>
  <testcase name="TC04 kullanici phone arattiginda urun bulabilmeli" classname="io.cucumber.junit.platform.engine.CucumberTestEngine" time="0">
    <skipped message="&apos;cucumber.filter.tags=@smoke&apos; did not match this scenario"/>
  </testcase>
  <testcase name="TC05 kullanici dress arattiginda urun bulabilmeli" classname="io.cucumber.junit.platform.engine.CucumberTestEngine" time="0">
    <skipped message="&apos;cucumber.filter.tags=@smoke&apos; did not match this scenario"/>
  </testcase>
  <testcase name="TC06 kullanici baby arattiginda urun bulabilmeli" classname="io.cucumber.junit.platform.engine.CucumberTestEngine" time="0">
    <skipped message="&apos;cucumber.filter.tags=@smoke&apos; did not match this scenario"/>
  </testcase>
  <testcase name="TC07 kullanici istedigi kelimeyi aratabilmeli" classname="io.cucumber.junit.platform.engine.CucumberTestEngine" time="10.357"/>
  <testcase name="TC08 kullanici gecerli bilgilerle giris yapabilmeli" classname="io.cucumber.junit.platform.engine.CucumberTestEngine" time="5.58"/>
  <testcase name="TC09 gecersiz email ile giris yapilamamali" classname="io.cucumber.junit.platform.engine.CucumberTestEngine" time="6.753"/>
  <testcase name="TC10 gecersiz password ile giris yapilamamali" classname="io.cucumber.junit.platform.engine.CucumberTestEngine" time="0">
    <skipped message="&apos;cucumber.filter.tags=@smoke&apos; did not match this scenario"/>
  </testcase>
  <testcase name="TC11 gecersiz email gecersiz password testi" classname="io.cucumber.junit.platform.engine.CucumberTestEngine" time="0">
    <skipped message="&apos;cucumber.filter.tags=@smoke&apos; did not match this scenario"/>
  </testcase>
  <testcase name="TC12 kullanici url&apos;i dinamik olarak girebilmeli" classname="io.cucumber.junit.platform.engine.CucumberTestEngine" time="0">
    <skipped message="&apos;cucumber.filter.tags=@smoke&apos; did not match this scenario"/>
  </testcase>
  <testcase name="TC13 kullanici fakerdan degerlerle kayit olusturabilmeli" classname="io.cucumber.junit.platform.engine.CucumberTestEngine" time="0">
    <skipped message="&apos;cucumber.filter.tags=@smoke&apos; did not match this scenario"/>
  </testcase>
  <testcase name="TC14 kullanici sectigi urunu satin alabilmeli" classname="io.cucumber.junit.platform.engine.CucumberTestEngine" time="0">
    <skipped message="&apos;cucumber.filter.tags=@smoke&apos; did not match this scenario"/>
  </testcase>
  <testcase name="TC15 kullanici elementlerin goruntulenmesini bekleyebilmeli" classname="io.cucumber.junit.platform.engine.CucumberTestEngine" time="0">
    <skipped message="&apos;cucumber.filter.tags=@smoke&apos; did not match this scenario"/>
  </testcase>
  <testcase name="Example #1.1" classname="io.cucumber.junit.platform.engine.CucumberTestEngine" time="4.777"/>
  <testcase name="Example #1.1" classname="io.cucumber.junit.platform.engine.CucumberTestEngine" time="0">
    <skipped message="&apos;cucumber.filter.tags=@smoke&apos; did not match this scenario"/>
  </testcase>
  <testcase name="Example #1.1" classname="io.cucumber.junit.platform.engine.CucumberTestEngine" time="4.087"/>
  <testcase name="Example #1.2" classname="io.cucumber.junit.platform.engine.CucumberTestEngine" time="3.695">
    <failure message="expected: not equal but was: &lt;0 Products Found&gt;" type="org.opentest4j.AssertionFailedError"><![CDATA[org.opentest4j.AssertionFailedError: expected: not equal but was: <0 Products Found>
]]></failure>
    <system-out><![CDATA[
@smoke
Scenario Outline: TC16 liste olarak verilen urunler icin arama yapilabilmeli &amp#27;[90m# src/test/resources/features/US1010_TestotomasyonuTopluAramaTest.feature:16&amp#27;[0m
  &amp#27;[32mGiven &amp#27;[0m&amp#27;[32mkullanici &amp#27;[0m&amp#27;[32m&amp#27;[1m"toUrl"&amp#27;[0m&amp#27;[32m anasayfaya gider&amp#27;[0m                                   &amp#27;[90m# stepdefinitions.TestotomasyonuStepdefinitions.kullanici_anasayfaya_gider(java.lang.String)&amp#27;[0m
  &amp#27;[32mThen &amp#27;[0m&amp#27;[32marama kutusuna &amp#27;[0m&amp#27;[32m&amp#27;[1m"java"&amp#27;[0m&amp#27;[32m yazip aratir&amp#27;[0m                                    &amp#27;[90m# stepdefinitions.TestotomasyonuStepdefinitions.aramaKutusunaYazipAratir(java.lang.String)&amp#27;[0m
  &amp#27;[31mAnd &amp#27;[0m&amp#27;[31marama sonucunda urun bulunabildigini test eder&amp#27;[0m                         &amp#27;[90m# stepdefinitions.TestotomasyonuStepdefinitions.arama_sonucunda_urun_bulunabildigini_test_eder()&amp#27;[0m
      &amp#27;[31morg.opentest4j.AssertionFailedError: expected: not equal but was: <0 Products Found>
	at org.junit.jupiter.api.AssertionFailureBuilder.build(AssertionFailureBuilder.java:152)
	at org.junit.jupiter.api.AssertionFailureBuilder.buildAndThrow(AssertionFailureBuilder.java:132)
	at org.junit.jupiter.api.AssertNotEquals.failEqual(AssertNotEquals.java:277)
	at org.junit.jupiter.api.AssertNotEquals.assertNotEquals(AssertNotEquals.java:263)
	at org.junit.jupiter.api.AssertNotEquals.assertNotEquals(AssertNotEquals.java:258)
	at org.junit.jupiter.api.Assertions.assertNotEquals(Assertions.java:2819)
	at stepdefinitions.TestotomasyonuStepdefinitions.arama_sonucunda_urun_bulunabildigini_test_eder(TestotomasyonuStepdefinitions.java:32)
	at ✽.arama sonucunda urun bulunabildigini test eder(file:///Users/ahmetbulutluoz/Desktop/My%20Desktop/course/projeler/Team145_Cucumber/src/test/resources/features/US1010_TestotomasyonuTopluAramaTest.feature:9)
&amp#27;[0m
  &amp#27;[36mThen &amp#27;[0m&amp#27;[36m&amp#27;[0m&amp#27;[36m&amp#27;[1m1&amp#27;[0m&amp#27;[36m saniye bekler&amp#27;[0m                                                       &amp#27;[90m# stepdefinitions.TestotomasyonuStepdefinitions.saniyeBekler(int)&amp#27;[0m

    Embedding screenshots [image/png 179463 bytes]

]]></system-out>
  </testcase>
  <testcase name="Example #1.2" classname="io.cucumber.junit.platform.engine.CucumberTestEngine" time="0">
    <skipped message="&apos;cucumber.filter.tags=@smoke&apos; did not match this scenario"/>
  </testcase>
  <testcase name="Example #1.2" classname="io.cucumber.junit.platform.engine.CucumberTestEngine" time="3.33"/>
  <testcase name="Example #1.3" classname="io.cucumber.junit.platform.engine.CucumberTestEngine" time="4.42"/>
  <testcase name="Example #1.3" classname="io.cucumber.junit.platform.engine.CucumberTestEngine" time="0">
    <skipped message="&apos;cucumber.filter.tags=@smoke&apos; did not match this scenario"/>
  </testcase>
  <testcase name="Example #1.3" classname="io.cucumber.junit.platform.engine.CucumberTestEngine" time="3.421"/>
  <testcase name="Example #1.4" classname="io.cucumber.junit.platform.engine.CucumberTestEngine" time="3.17">
    <failure message="expected: not equal but was: &lt;0 Products Found&gt;" type="org.opentest4j.AssertionFailedError"><![CDATA[org.opentest4j.AssertionFailedError: expected: not equal but was: <0 Products Found>
]]></failure>
    <system-out><![CDATA[
@smoke
Scenario Outline: TC16 liste olarak verilen urunler icin arama yapilabilmeli &amp#27;[90m# src/test/resources/features/US1010_TestotomasyonuTopluAramaTest.feature:18&amp#27;[0m
  &amp#27;[32mGiven &amp#27;[0m&amp#27;[32mkullanici &amp#27;[0m&amp#27;[32m&amp#27;[1m"toUrl"&amp#27;[0m&amp#27;[32m anasayfaya gider&amp#27;[0m                                   &amp#27;[90m# stepdefinitions.TestotomasyonuStepdefinitions.kullanici_anasayfaya_gider(java.lang.String)&amp#27;[0m
  &amp#27;[32mThen &amp#27;[0m&amp#27;[32marama kutusuna &amp#27;[0m&amp#27;[32m&amp#27;[1m"nutella"&amp#27;[0m&amp#27;[32m yazip aratir&amp#27;[0m                                 &amp#27;[90m# stepdefinitions.TestotomasyonuStepdefinitions.aramaKutusunaYazipAratir(java.lang.String)&amp#27;[0m
  &amp#27;[31mAnd &amp#27;[0m&amp#27;[31marama sonucunda urun bulunabildigini test eder&amp#27;[0m                         &amp#27;[90m# stepdefinitions.TestotomasyonuStepdefinitions.arama_sonucunda_urun_bulunabildigini_test_eder()&amp#27;[0m
      &amp#27;[31morg.opentest4j.AssertionFailedError: expected: not equal but was: <0 Products Found>
	at org.junit.jupiter.api.AssertionFailureBuilder.build(AssertionFailureBuilder.java:152)
	at org.junit.jupiter.api.AssertionFailureBuilder.buildAndThrow(AssertionFailureBuilder.java:132)
	at org.junit.jupiter.api.AssertNotEquals.failEqual(AssertNotEquals.java:277)
	at org.junit.jupiter.api.AssertNotEquals.assertNotEquals(AssertNotEquals.java:263)
	at org.junit.jupiter.api.AssertNotEquals.assertNotEquals(AssertNotEquals.java:258)
	at org.junit.jupiter.api.Assertions.assertNotEquals(Assertions.java:2819)
	at stepdefinitions.TestotomasyonuStepdefinitions.arama_sonucunda_urun_bulunabildigini_test_eder(TestotomasyonuStepdefinitions.java:32)
	at ✽.arama sonucunda urun bulunabildigini test eder(file:///Users/ahmetbulutluoz/Desktop/My%20Desktop/course/projeler/Team145_Cucumber/src/test/resources/features/US1010_TestotomasyonuTopluAramaTest.feature:9)
&amp#27;[0m
  &amp#27;[36mThen &amp#27;[0m&amp#27;[36m&amp#27;[0m&amp#27;[36m&amp#27;[1m1&amp#27;[0m&amp#27;[36m saniye bekler&amp#27;[0m                                                       &amp#27;[90m# stepdefinitions.TestotomasyonuStepdefinitions.saniyeBekler(int)&amp#27;[0m

    Embedding screenshots [image/png 150324 bytes]

]]></system-out>
  </testcase>
  <testcase name="Example #1.4" classname="io.cucumber.junit.platform.engine.CucumberTestEngine" time="0">
    <skipped message="&apos;cucumber.filter.tags=@smoke&apos; did not match this scenario"/>
  </testcase>
  <testcase name="Example #1.4" classname="io.cucumber.junit.platform.engine.CucumberTestEngine" time="3.297"/>
  <testcase name="Example #1.5" classname="io.cucumber.junit.platform.engine.CucumberTestEngine" time="4.392"/>
  <testcase name="Example #1.5" classname="io.cucumber.junit.platform.engine.CucumberTestEngine" time="0">
    <skipped message="&apos;cucumber.filter.tags=@smoke&apos; did not match this scenario"/>
  </testcase>
  <testcase name="Example #1.5" classname="io.cucumber.junit.platform.engine.CucumberTestEngine" time="3.649"/>
  <testcase name="Example #1.6" classname="io.cucumber.junit.platform.engine.CucumberTestEngine" time="4.326"/>
  <testcase name="Example #1.6" classname="io.cucumber.junit.platform.engine.CucumberTestEngine" time="3.172"/>
  <testcase name="Example #1.7" classname="io.cucumber.junit.platform.engine.CucumberTestEngine" time="4.549"/>
  <testcase name="Example #1.7" classname="io.cucumber.junit.platform.engine.CucumberTestEngine" time="3.379"/>
  <testcase name="Example #1.8" classname="io.cucumber.junit.platform.engine.CucumberTestEngine" time="3.975"/>
  <testcase name="TC19 fake degerler ile giris yapilamamali" classname="io.cucumber.junit.platform.engine.CucumberTestEngine" time="0">
    <skipped message="&apos;cucumber.filter.tags=@smoke&apos; did not match this scenario"/>
  </testcase>
</testsuite>