[{"line":2,"elements":[{"start_timestamp":"2024-10-09T17:52:22.183Z","line":4,"name":"TC07 kullanici istedigi kelimeyi aratabilmeli","description":"","id":"us1003-kullanici-parametre-olarak-yazdigi-kelimeyi-aratir;tc07-kullanici-istedigi-kelimeyi-aratabilmeli","after":[{"result":{"error_message":"org.openqa.selenium.NoSuchWindowException: no such window: target window already closed\nfrom unknown error: web view not found\n  (Session info: chrome=129.0.6668.91)\nBuild info: version: '4.25.0', revision: '8a8aea2337'\nSystem info: os.name: 'Mac OS X', os.arch: 'aarch64', os.version: '15.0.1', java.version: '18.0.2'\nDriver info: org.openqa.selenium.chrome.ChromeDriver\nCommand: [6d1859d184b81a03d8d78dbc4e9d1132, screenshot {}]\nCapabilities {acceptInsecureCerts: false, browserName: chrome, browserVersion: 129.0.6668.91, chrome: {chromedriverVersion: 129.0.6668.91 (b00bc8b76d60..., userDataDir: /var/folders/k5/tn4cs92s1h3...}, fedcm:accounts: true, goog:chromeOptions: {debuggerAddress: localhost:63037}, networkConnectionEnabled: false, pageLoadStrategy: normal, platformName: mac, proxy: Proxy(), se:cdp: ws://localhost:63037/devtoo..., se:cdpVersion: 129.0.6668.91, setWindowRect: true, strictFileInteractability: false, timeouts: {implicit: 0, pageLoad: 300000, script: 30000}, unhandledPromptBehavior: dismiss and notify, webauthn:extension:credBlob: true, webauthn:extension:largeBlob: true, webauthn:extension:minPinLength: true, webauthn:extension:prf: true, webauthn:virtualAuthenticators: true}\nSession ID: 6d1859d184b81a03d8d78dbc4e9d1132\n\tat java.base/jdk.internal.reflect.DirectConstructorHandleAccessor.newInstance(DirectConstructorHandleAccessor.java:67)\n\tat java.base/java.lang.reflect.Constructor.newInstanceWithCaller(Constructor.java:499)\n\tat java.base/java.lang.reflect.Constructor.newInstance(Constructor.java:483)\n\tat org.openqa.selenium.remote.ErrorCodec.decode(ErrorCodec.java:167)\n\tat org.openqa.selenium.remote.codec.w3c.W3CHttpResponseCodec.decode(W3CHttpResponseCodec.java:138)\n\tat org.openqa.selenium.remote.codec.w3c.W3CHttpResponseCodec.decode(W3CHttpResponseCodec.java:50)\n\tat org.openqa.selenium.remote.HttpCommandExecutor.execute(HttpCommandExecutor.java:190)\n\tat org.openqa.selenium.remote.service.DriverCommandExecutor.invokeExecute(DriverCommandExecutor.java:216)\n\tat org.openqa.selenium.remote.service.DriverCommandExecutor.execute(DriverCommandExecutor.java:174)\n\tat org.openqa.selenium.remote.RemoteWebDriver.execute(RemoteWebDriver.java:545)\n\tat org.openqa.selenium.remote.RemoteWebDriver.execute(RemoteWebDriver.java:618)\n\tat org.openqa.selenium.remote.RemoteWebDriver.execute(RemoteWebDriver.java:622)\n\tat org.openqa.selenium.remote.RemoteWebDriver.getScreenshotAs(RemoteWebDriver.java:334)\n\tat stepdefinitions.Hooks.tearDown(Hooks.java:33)\n","duration":2700000,"status":"failed"},"match":{"location":"stepdefinitions.Hooks.tearDown(io.cucumber.java.Scenario)"}}],"type":"scenario","keyword":"Scenario","steps":[{"result":{"duration":44251884000,"status":"passed"},"line":6,"name":"kullanici testotomasyonu anasayfaya gider","match":{"location":"stepdefinitions.TestotomasyonuStepdefinitions.kullanici_testotomasyonu_anasayfaya_gider()"},"keyword":"Given "},{"result":{"error_message":"org.openqa.selenium.NoSuchWindowException: no such window: target window already closed\nfrom unknown error: web view not found\n  (Session info: chrome=129.0.6668.91)\nBuild info: version: '4.25.0', revision: '8a8aea2337'\nSystem info: os.name: 'Mac OS X', os.arch: 'aarch64', os.version: '15.0.1', java.version: '18.0.2'\nDriver info: org.openqa.selenium.chrome.ChromeDriver\nCommand: [6d1859d184b81a03d8d78dbc4e9d1132, findElement {using=id, value=global-search}]\nCapabilities {acceptInsecureCerts: false, browserName: chrome, browserVersion: 129.0.6668.91, chrome: {chromedriverVersion: 129.0.6668.91 (b00bc8b76d60..., userDataDir: /var/folders/k5/tn4cs92s1h3...}, fedcm:accounts: true, goog:chromeOptions: {debuggerAddress: localhost:63037}, networkConnectionEnabled: false, pageLoadStrategy: normal, platformName: mac, proxy: Proxy(), se:cdp: ws://localhost:63037/devtoo..., se:cdpVersion: 129.0.6668.91, setWindowRect: true, strictFileInteractability: false, timeouts: {implicit: 0, pageLoad: 300000, script: 30000}, unhandledPromptBehavior: dismiss and notify, webauthn:extension:credBlob: true, webauthn:extension:largeBlob: true, webauthn:extension:minPinLength: true, webauthn:extension:prf: true, webauthn:virtualAuthenticators: true}\nSession ID: 6d1859d184b81a03d8d78dbc4e9d1132\n\tat java.base/jdk.internal.reflect.DirectConstructorHandleAccessor.newInstance(DirectConstructorHandleAccessor.java:67)\n\tat java.base/java.lang.reflect.Constructor.newInstanceWithCaller(Constructor.java:499)\n\tat java.base/java.lang.reflect.Constructor.newInstance(Constructor.java:483)\n\tat org.openqa.selenium.remote.ErrorCodec.decode(ErrorCodec.java:167)\n\tat org.openqa.selenium.remote.codec.w3c.W3CHttpResponseCodec.decode(W3CHttpResponseCodec.java:138)\n\tat org.openqa.selenium.remote.codec.w3c.W3CHttpResponseCodec.decode(W3CHttpResponseCodec.java:50)\n\tat org.openqa.selenium.remote.HttpCommandExecutor.execute(HttpCommandExecutor.java:190)\n\tat org.openqa.selenium.remote.service.DriverCommandExecutor.invokeExecute(DriverCommandExecutor.java:216)\n\tat org.openqa.selenium.remote.service.DriverCommandExecutor.execute(DriverCommandExecutor.java:174)\n\tat org.openqa.selenium.remote.RemoteWebDriver.execute(RemoteWebDriver.java:545)\n\tat org.openqa.selenium.remote.ElementLocation$ElementFinder$2.findElement(ElementLocation.java:165)\n\tat org.openqa.selenium.remote.ElementLocation.findElement(ElementLocation.java:66)\n\tat org.openqa.selenium.remote.RemoteWebDriver.findElement(RemoteWebDriver.java:368)\n\tat org.openqa.selenium.remote.RemoteWebDriver.findElement(RemoteWebDriver.java:362)\n\tat org.openqa.selenium.support.pagefactory.DefaultElementLocator.findElement(DefaultElementLocator.java:68)\n\tat org.openqa.selenium.support.pagefactory.internal.LocatingElementHandler.invoke(LocatingElementHandler.java:38)\n\tat jdk.proxy2/jdk.proxy2.$Proxy21.sendKeys(Unknown Source)\n\tat stepdefinitions.TestotomasyonuStepdefinitions.aramaKutusunaYazipAratir(TestotomasyonuStepdefinitions.java:56)\n\tat ✽.arama kutusuna \"backpack\" yazip aratir(file:///Users/ahmetbulutluoz/Desktop/My%20Desktop/course/projeler/Team145_Cucumber/src/test/resources/features/US1003_ParametreIleUrunArama.feature:7)\n","duration":32168000,"status":"failed"},"line":7,"name":"arama kutusuna \"backpack\" yazip aratir","match":{"arguments":[{"val":"\"backpack\"","offset":15}],"location":"stepdefinitions.TestotomasyonuStepdefinitions.aramaKutusunaYazipAratir(java.lang.String)"},"keyword":"When "},{"result":{"duration":16000,"status":"skipped"},"line":8,"name":"arama sonucunda urun bulunabildigini test eder","match":{"location":"stepdefinitions.TestotomasyonuStepdefinitions.arama_sonucunda_urun_bulunabildigini_test_eder()"},"keyword":"Then "},{"result":{"duration":6000,"status":"skipped"},"line":9,"name":"5 saniye bekler","match":{"arguments":[{"val":"5","offset":0}],"location":"stepdefinitions.TestotomasyonuStepdefinitions.saniyeBekler(int)"},"keyword":"And "}],"tags":[{"name":"@paralel1"}]}],"name":"US1003 Kullanici parametre olarak yazdigi kelimeyi aratir","description":"","id":"us1003-kullanici-parametre-olarak-yazdigi-kelimeyi-aratir","keyword":"Feature","uri":"file:src/test/resources/features/US1003_ParametreIleUrunArama.feature","tags":[]},{"line":2,"elements":[{"start_timestamp":"2024-10-09T17:53:06.507Z","line":5,"name":"TC09 gecersiz email ile giris yapilamamali","description":"","id":"us1005-gecersiz-bilgilerle-giris-yapilamaz;tc09-gecersiz-email-ile-giris-yapilamamali","after":[{"result":{"error_message":"org.openqa.selenium.NoSuchWindowException: no such window: target window already closed\nfrom unknown error: web view not found\n  (Session info: chrome=129.0.6668.91)\nBuild info: version: '4.25.0', revision: '8a8aea2337'\nSystem info: os.name: 'Mac OS X', os.arch: 'aarch64', os.version: '15.0.1', java.version: '18.0.2'\nDriver info: org.openqa.selenium.chrome.ChromeDriver\nCommand: [6d1859d184b81a03d8d78dbc4e9d1132, screenshot {}]\nCapabilities {acceptInsecureCerts: false, browserName: chrome, browserVersion: 129.0.6668.91, chrome: {chromedriverVersion: 129.0.6668.91 (b00bc8b76d60..., userDataDir: /var/folders/k5/tn4cs92s1h3...}, fedcm:accounts: true, goog:chromeOptions: {debuggerAddress: localhost:63037}, networkConnectionEnabled: false, pageLoadStrategy: normal, platformName: mac, proxy: Proxy(), se:cdp: ws://localhost:63037/devtoo..., se:cdpVersion: 129.0.6668.91, setWindowRect: true, strictFileInteractability: false, timeouts: {implicit: 0, pageLoad: 300000, script: 30000}, unhandledPromptBehavior: dismiss and notify, webauthn:extension:credBlob: true, webauthn:extension:largeBlob: true, webauthn:extension:minPinLength: true, webauthn:extension:prf: true, webauthn:virtualAuthenticators: true}\nSession ID: 6d1859d184b81a03d8d78dbc4e9d1132\n\tat java.base/jdk.internal.reflect.DirectConstructorHandleAccessor.newInstance(DirectConstructorHandleAccessor.java:67)\n\tat java.base/java.lang.reflect.Constructor.newInstanceWithCaller(Constructor.java:499)\n\tat java.base/java.lang.reflect.Constructor.newInstance(Constructor.java:483)\n\tat org.openqa.selenium.remote.ErrorCodec.decode(ErrorCodec.java:167)\n\tat org.openqa.selenium.remote.codec.w3c.W3CHttpResponseCodec.decode(W3CHttpResponseCodec.java:138)\n\tat org.openqa.selenium.remote.codec.w3c.W3CHttpResponseCodec.decode(W3CHttpResponseCodec.java:50)\n\tat org.openqa.selenium.remote.HttpCommandExecutor.execute(HttpCommandExecutor.java:190)\n\tat org.openqa.selenium.remote.service.DriverCommandExecutor.invokeExecute(DriverCommandExecutor.java:216)\n\tat org.openqa.selenium.remote.service.DriverCommandExecutor.execute(DriverCommandExecutor.java:174)\n\tat org.openqa.selenium.remote.RemoteWebDriver.execute(RemoteWebDriver.java:545)\n\tat org.openqa.selenium.remote.RemoteWebDriver.execute(RemoteWebDriver.java:618)\n\tat org.openqa.selenium.remote.RemoteWebDriver.execute(RemoteWebDriver.java:622)\n\tat org.openqa.selenium.remote.RemoteWebDriver.getScreenshotAs(RemoteWebDriver.java:334)\n\tat stepdefinitions.Hooks.tearDown(Hooks.java:33)\n","duration":6774000,"status":"failed"},"match":{"location":"stepdefinitions.Hooks.tearDown(io.cucumber.java.Scenario)"}}],"type":"scenario","keyword":"Scenario","steps":[{"result":{"error_message":"org.openqa.selenium.NoSuchWindowException: no such window: target window already closed\nfrom unknown error: web view not found\n  (Session info: chrome=129.0.6668.91)\nBuild info: version: '4.25.0', revision: '8a8aea2337'\nSystem info: os.name: 'Mac OS X', os.arch: 'aarch64', os.version: '15.0.1', java.version: '18.0.2'\nDriver info: org.openqa.selenium.chrome.ChromeDriver\nCommand: [6d1859d184b81a03d8d78dbc4e9d1132, get {url=https://www.testotomasyonu.com/}]\nCapabilities {acceptInsecureCerts: false, browserName: chrome, browserVersion: 129.0.6668.91, chrome: {chromedriverVersion: 129.0.6668.91 (b00bc8b76d60..., userDataDir: /var/folders/k5/tn4cs92s1h3...}, fedcm:accounts: true, goog:chromeOptions: {debuggerAddress: localhost:63037}, networkConnectionEnabled: false, pageLoadStrategy: normal, platformName: mac, proxy: Proxy(), se:cdp: ws://localhost:63037/devtoo..., se:cdpVersion: 129.0.6668.91, setWindowRect: true, strictFileInteractability: false, timeouts: {implicit: 0, pageLoad: 300000, script: 30000}, unhandledPromptBehavior: dismiss and notify, webauthn:extension:credBlob: true, webauthn:extension:largeBlob: true, webauthn:extension:minPinLength: true, webauthn:extension:prf: true, webauthn:virtualAuthenticators: true}\nSession ID: 6d1859d184b81a03d8d78dbc4e9d1132\n\tat java.base/jdk.internal.reflect.DirectConstructorHandleAccessor.newInstance(DirectConstructorHandleAccessor.java:67)\n\tat java.base/java.lang.reflect.Constructor.newInstanceWithCaller(Constructor.java:499)\n\tat java.base/java.lang.reflect.Constructor.newInstance(Constructor.java:483)\n\tat org.openqa.selenium.remote.ErrorCodec.decode(ErrorCodec.java:167)\n\tat org.openqa.selenium.remote.codec.w3c.W3CHttpResponseCodec.decode(W3CHttpResponseCodec.java:138)\n\tat org.openqa.selenium.remote.codec.w3c.W3CHttpResponseCodec.decode(W3CHttpResponseCodec.java:50)\n\tat org.openqa.selenium.remote.HttpCommandExecutor.execute(HttpCommandExecutor.java:190)\n\tat org.openqa.selenium.remote.service.DriverCommandExecutor.invokeExecute(DriverCommandExecutor.java:216)\n\tat org.openqa.selenium.remote.service.DriverCommandExecutor.execute(DriverCommandExecutor.java:174)\n\tat org.openqa.selenium.remote.RemoteWebDriver.execute(RemoteWebDriver.java:545)\n\tat org.openqa.selenium.remote.RemoteWebDriver.get(RemoteWebDriver.java:313)\n\tat stepdefinitions.TestotomasyonuStepdefinitions.kullanici_testotomasyonu_anasayfaya_gider(TestotomasyonuStepdefinitions.java:17)\n\tat ✽.kullanici testotomasyonu anasayfaya gider(file:///Users/ahmetbulutluoz/Desktop/My%20Desktop/course/projeler/Team145_Cucumber/src/test/resources/features/US1005_ParametreliNegatifLoginTesti.feature:7)\n","duration":3364000,"status":"failed"},"line":7,"name":"kullanici testotomasyonu anasayfaya gider","match":{"location":"stepdefinitions.TestotomasyonuStepdefinitions.kullanici_testotomasyonu_anasayfaya_gider()"},"keyword":"Given "},{"result":{"duration":13000,"status":"skipped"},"line":8,"name":"account linkini tiklar","match":{"location":"stepdefinitions.TestotomasyonuStepdefinitions.account_linkini_tiklar()"},"keyword":"Then "},{"result":{"duration":6000,"status":"skipped"},"line":9,"name":"email olarak \"toGecersizEmail\" girer","match":{"arguments":[{"val":"\"toGecersizEmail\"","offset":13}],"location":"stepdefinitions.TestotomasyonuStepdefinitions.email_olarak_girer(java.lang.String)"},"keyword":"When "},{"result":{"duration":10000,"status":"skipped"},"line":10,"name":"password olarak \"toGecerliPassword\" girer","match":{"arguments":[{"val":"\"toGecerliPassword\"","offset":16}],"location":"stepdefinitions.TestotomasyonuStepdefinitions.password_olarak_girer(java.lang.String)"},"keyword":"And "},{"result":{"duration":10000,"status":"skipped"},"line":11,"name":"login butonuna basar","match":{"location":"stepdefinitions.TestotomasyonuStepdefinitions.login_butonuna_basar()"},"keyword":"Then "},{"result":{"duration":77000,"status":"skipped"},"line":12,"name":"giris yapilamadigini test eder","match":{"location":"stepdefinitions.TestotomasyonuStepdefinitions.girisYapilamadiginiTestEder()"},"keyword":"And "},{"result":{"duration":8000,"status":"skipped"},"line":13,"name":"2 saniye bekler","match":{"arguments":[{"val":"2","offset":0}],"location":"stepdefinitions.TestotomasyonuStepdefinitions.saniyeBekler(int)"},"keyword":"And "}],"tags":[{"name":"@paralel1"}]}],"name":"US1005 gecersiz bilgilerle giris yapilamaz","description":"","id":"us1005-gecersiz-bilgilerle-giris-yapilamaz","keyword":"Feature","uri":"file:src/test/resources/features/US1005_ParametreliNegatifLoginTesti.feature","tags":[]},{"line":2,"elements":[{"start_timestamp":"2024-10-09T17:53:06.525Z","line":5,"name":"TC12 kullanici url'i dinamik olarak girebilmeli","description":"","id":"us1006-dinamik-url-kullanimi;tc12-kullanici-url-i-dinamik-olarak-girebilmeli","after":[{"result":{"error_message":"org.openqa.selenium.NoSuchWindowException: no such window: target window already closed\nfrom unknown error: web view not found\n  (Session info: chrome=129.0.6668.91)\nBuild info: version: '4.25.0', revision: '8a8aea2337'\nSystem info: os.name: 'Mac OS X', os.arch: 'aarch64', os.version: '15.0.1', java.version: '18.0.2'\nDriver info: org.openqa.selenium.chrome.ChromeDriver\nCommand: [6d1859d184b81a03d8d78dbc4e9d1132, screenshot {}]\nCapabilities {acceptInsecureCerts: false, browserName: chrome, browserVersion: 129.0.6668.91, chrome: {chromedriverVersion: 129.0.6668.91 (b00bc8b76d60..., userDataDir: /var/folders/k5/tn4cs92s1h3...}, fedcm:accounts: true, goog:chromeOptions: {debuggerAddress: localhost:63037}, networkConnectionEnabled: false, pageLoadStrategy: normal, platformName: mac, proxy: Proxy(), se:cdp: ws://localhost:63037/devtoo..., se:cdpVersion: 129.0.6668.91, setWindowRect: true, strictFileInteractability: false, timeouts: {implicit: 0, pageLoad: 300000, script: 30000}, unhandledPromptBehavior: dismiss and notify, webauthn:extension:credBlob: true, webauthn:extension:largeBlob: true, webauthn:extension:minPinLength: true, webauthn:extension:prf: true, webauthn:virtualAuthenticators: true}\nSession ID: 6d1859d184b81a03d8d78dbc4e9d1132\n\tat java.base/jdk.internal.reflect.DirectConstructorHandleAccessor.newInstance(DirectConstructorHandleAccessor.java:67)\n\tat java.base/java.lang.reflect.Constructor.newInstanceWithCaller(Constructor.java:499)\n\tat java.base/java.lang.reflect.Constructor.newInstance(Constructor.java:483)\n\tat org.openqa.selenium.remote.ErrorCodec.decode(ErrorCodec.java:167)\n\tat org.openqa.selenium.remote.codec.w3c.W3CHttpResponseCodec.decode(W3CHttpResponseCodec.java:138)\n\tat org.openqa.selenium.remote.codec.w3c.W3CHttpResponseCodec.decode(W3CHttpResponseCodec.java:50)\n\tat org.openqa.selenium.remote.HttpCommandExecutor.execute(HttpCommandExecutor.java:190)\n\tat org.openqa.selenium.remote.service.DriverCommandExecutor.invokeExecute(DriverCommandExecutor.java:216)\n\tat org.openqa.selenium.remote.service.DriverCommandExecutor.execute(DriverCommandExecutor.java:174)\n\tat org.openqa.selenium.remote.RemoteWebDriver.execute(RemoteWebDriver.java:545)\n\tat org.openqa.selenium.remote.RemoteWebDriver.execute(RemoteWebDriver.java:618)\n\tat org.openqa.selenium.remote.RemoteWebDriver.execute(RemoteWebDriver.java:622)\n\tat org.openqa.selenium.remote.RemoteWebDriver.getScreenshotAs(RemoteWebDriver.java:334)\n\tat stepdefinitions.Hooks.tearDown(Hooks.java:33)\n","duration":3322000,"status":"failed"},"match":{"location":"stepdefinitions.Hooks.tearDown(io.cucumber.java.Scenario)"}}],"type":"scenario","keyword":"Scenario","steps":[{"result":{"error_message":"org.openqa.selenium.NoSuchWindowException: no such window: target window already closed\nfrom unknown error: web view not found\n  (Session info: chrome=129.0.6668.91)\nBuild info: version: '4.25.0', revision: '8a8aea2337'\nSystem info: os.name: 'Mac OS X', os.arch: 'aarch64', os.version: '15.0.1', java.version: '18.0.2'\nDriver info: org.openqa.selenium.chrome.ChromeDriver\nCommand: [6d1859d184b81a03d8d78dbc4e9d1132, get {url=https://testotomasyonu.com/form}]\nCapabilities {acceptInsecureCerts: false, browserName: chrome, browserVersion: 129.0.6668.91, chrome: {chromedriverVersion: 129.0.6668.91 (b00bc8b76d60..., userDataDir: /var/folders/k5/tn4cs92s1h3...}, fedcm:accounts: true, goog:chromeOptions: {debuggerAddress: localhost:63037}, networkConnectionEnabled: false, pageLoadStrategy: normal, platformName: mac, proxy: Proxy(), se:cdp: ws://localhost:63037/devtoo..., se:cdpVersion: 129.0.6668.91, setWindowRect: true, strictFileInteractability: false, timeouts: {implicit: 0, pageLoad: 300000, script: 30000}, unhandledPromptBehavior: dismiss and notify, webauthn:extension:credBlob: true, webauthn:extension:largeBlob: true, webauthn:extension:minPinLength: true, webauthn:extension:prf: true, webauthn:virtualAuthenticators: true}\nSession ID: 6d1859d184b81a03d8d78dbc4e9d1132\n\tat java.base/jdk.internal.reflect.DirectConstructorHandleAccessor.newInstance(DirectConstructorHandleAccessor.java:67)\n\tat java.base/java.lang.reflect.Constructor.newInstanceWithCaller(Constructor.java:499)\n\tat java.base/java.lang.reflect.Constructor.newInstance(Constructor.java:483)\n\tat org.openqa.selenium.remote.ErrorCodec.decode(ErrorCodec.java:167)\n\tat org.openqa.selenium.remote.codec.w3c.W3CHttpResponseCodec.decode(W3CHttpResponseCodec.java:138)\n\tat org.openqa.selenium.remote.codec.w3c.W3CHttpResponseCodec.decode(W3CHttpResponseCodec.java:50)\n\tat org.openqa.selenium.remote.HttpCommandExecutor.execute(HttpCommandExecutor.java:190)\n\tat org.openqa.selenium.remote.service.DriverCommandExecutor.invokeExecute(DriverCommandExecutor.java:216)\n\tat org.openqa.selenium.remote.service.DriverCommandExecutor.execute(DriverCommandExecutor.java:174)\n\tat org.openqa.selenium.remote.RemoteWebDriver.execute(RemoteWebDriver.java:545)\n\tat org.openqa.selenium.remote.RemoteWebDriver.get(RemoteWebDriver.java:313)\n\tat stepdefinitions.TestotomasyonuStepdefinitions.kullanici_anasayfaya_gider(TestotomasyonuStepdefinitions.java:109)\n\tat ✽.kullanici \"toFormUrl\" anasayfaya gider(file:///Users/ahmetbulutluoz/Desktop/My%20Desktop/course/projeler/Team145_Cucumber/src/test/resources/features/US1006_UrliDinamikYapma.feature:7)\n","duration":7172000,"status":"failed"},"line":7,"name":"kullanici \"toFormUrl\" anasayfaya gider","match":{"arguments":[{"val":"\"toFormUrl\"","offset":10}],"location":"stepdefinitions.TestotomasyonuStepdefinitions.kullanici_anasayfaya_gider(java.lang.String)"},"keyword":"Given "},{"result":{"duration":17000,"status":"skipped"},"line":8,"name":"3 saniye bekler","match":{"arguments":[{"val":"3","offset":0}],"location":"stepdefinitions.TestotomasyonuStepdefinitions.saniyeBekler(int)"},"keyword":"* "},{"result":{"duration":9000,"status":"skipped"},"line":9,"name":"dogum tarihi ay acilir menuden \"Haziran\" secer","match":{"arguments":[{"val":"\"Haziran\"","offset":31}],"location":"stepdefinitions.TestotomasyonuFormStepdefinitions.dogum_tarihi_ay_acilir_menuden_secer(java.lang.String)"},"keyword":"Then "},{"result":{"duration":6000,"status":"skipped"},"line":10,"name":"secilen ayin \"Haziran\" oldugunu test eder","match":{"arguments":[{"val":"\"Haziran\"","offset":13}],"location":"stepdefinitions.TestotomasyonuFormStepdefinitions.secilen_ayin_oldugunu_test_eder(java.lang.String)"},"keyword":"And "},{"result":{"duration":10000,"status":"skipped"},"line":11,"name":"acilir menude toplam 13 option oldugunu test eder","match":{"arguments":[{"val":"13","offset":21}],"location":"stepdefinitions.TestotomasyonuFormStepdefinitions.acilir_menude_toplam_option_oldugunu_test_eder(java.lang.Integer)"},"keyword":"When "}],"tags":[{"name":"@paralel1"}]}],"name":"US1006 Dinamik Url kullanimi","description":"","id":"us1006-dinamik-url-kullanimi","keyword":"Feature","uri":"file:src/test/resources/features/US1006_UrliDinamikYapma.feature","tags":[]}]